<?xml version="1.0" encoding="UTF-8"?>
<testng-results ignored="0" total="1" passed="1" failed="0" skipped="0">
  <reporter-output>
  </reporter-output>
  <suite started-at="2025-05-15T21:21:48 IST" name="DemoTestSuite" finished-at="2025-05-15T21:21:52 IST" duration-ms="3718">
    <groups>
      <group name="cucumber">
        <method signature="AbstractTestNGCucumberTests.runScenario(io.cucumber.testng.PickleWrapper,io.cucumber.testng.FeatureWrapper)[pri:0, instance:com.example.runners.TestRunner@1a451d4d]" name="runScenario" class="io.cucumber.testng.AbstractTestNGCucumberTests"/>
      </group> <!-- cucumber -->
    </groups>
    <test started-at="2025-05-15T21:21:48 IST" name="DemoTest" finished-at="2025-05-15T21:21:52 IST" duration-ms="3718">
      <class name="com.example.runners.TestRunner">
        <test-method is-config="true" signature="setUpClass(org.testng.ITestContext)[pri:0, instance:com.example.runners.TestRunner@1a451d4d]" started-at="2025-05-15T21:21:48 IST" name="setUpClass" finished-at="2025-05-15T21:21:48 IST" duration-ms="215" status="PASS">
          <params>
            <param index="0">
              <value>
                <![CDATA[org.testng.TestRunner@29c53c4f]]>
              </value>
            </param>
          </params>
          <reporter-output>
          </reporter-output>
        </test-method> <!-- setUpClass -->
        <test-method signature="runScenario(io.cucumber.testng.PickleWrapper,io.cucumber.testng.FeatureWrapper)[pri:0, instance:com.example.runners.TestRunner@1a451d4d]" started-at="2025-05-15T21:21:48 IST" name="runScenario" description="Runs Cucumber Scenarios" data-provider="scenarios" finished-at="2025-05-15T21:21:52 IST" duration-ms="3465" status="PASS">
          <params>
            <param index="0">
              <value>
                <![CDATA[""]]>
              </value>
            </param>
            <param index="1">
              <value>
                <![CDATA["Login"]]>
              </value>
            </param>
          </params>
          <reporter-output>
          </reporter-output>
        </test-method> <!-- runScenario -->
        <test-method is-config="true" signature="tearDownClass()[pri:0, instance:com.example.runners.TestRunner@1a451d4d]" started-at="2025-05-15T21:21:52 IST" name="tearDownClass" finished-at="2025-05-15T21:21:52 IST" duration-ms="17" status="PASS">
          <reporter-output>
          </reporter-output>
        </test-method> <!-- tearDownClass -->
      </class> <!-- com.example.runners.TestRunner -->
    </test> <!-- DemoTest -->
  </suite> <!-- DemoTestSuite -->
</testng-results>
